<?xml version="1.0" encoding="UTF-8"?>
<!-- Generated by org.testng.reporters.JUnitReportReporter -->
<testsuite skipped="0" hostname="SK-20210202NYIX" name="com.qa.z_liuhaoqun_lenarn_canshu.testng_group" tests="2"
           failures="0" timestamp="10 三月 2021 06:44:39 GMT" time="0.000" errors="0">
    <testcase name="test02" time="0.000" classname="com.qa.z_liuhaoqun_lenarn_canshu.testng_group"/>
    <testcase name="test04" time="0.000" classname="com.qa.z_liuhaoqun_lenarn_canshu.testng_group"/>
</testsuite> <!-- com.qa.z_liuhaoqun_lenarn_canshu.testng_group -->
