<?xml version="1.0" encoding="UTF-8"?>
<!-- Generated by org.testng.reporters.JUnitReportReporter -->
<testsuite skipped="1" hostname="SK-20210202NYIX" name="com.qa.z_liuhaoqun_lenarn_canshu.enabled_priopity" tests="3"
           failures="0" timestamp="10 三月 2021 06:44:39 GMT" time="0.004" errors="0">
    <testcase name="test3" time="0.001" classname="com.qa.z_liuhaoqun_lenarn_canshu.enabled_priopity"/>
    <testcase name="test1" time="0.003" classname="com.qa.z_liuhaoqun_lenarn_canshu.enabled_priopity"/>
    <testcase name="test2" classname="com.qa.z_liuhaoqun_lenarn_canshu.enabled_priopity">
        <skipped/>
    </testcase> <!-- test2 -->
</testsuite> <!-- com.qa.z_liuhaoqun_lenarn_canshu.enabled_priopity -->
