<?xml version="1.0" encoding="UTF-8"?>
<!-- Generated by org.testng.reporters.JUnitReportReporter -->
<testsuite skipped="0" hostname="SK-20210202NYIX" name="com.qa.z_liuhaoqun_lenarn_canshu.setting_dependent_group"
           tests="4" failures="0" timestamp="10 三月 2021 06:44:39 GMT" time="0.000" errors="0">
    <testcase name="tomcatServiceIsDown" time="0.000"
              classname="com.qa.z_liuhaoqun_lenarn_canshu.setting_dependent_group"/>
    <testcase name="restartTomcatService" time="0.000"
              classname="com.qa.z_liuhaoqun_lenarn_canshu.setting_dependent_group"/>
    <testcase name="shutDownApp" time="0.000" classname="com.qa.z_liuhaoqun_lenarn_canshu.setting_dependent_group"/>
    <testcase name="startAppServer" time="0.000" classname="com.qa.z_liuhaoqun_lenarn_canshu.setting_dependent_group"/>
</testsuite> <!-- com.qa.z_liuhaoqun_lenarn_canshu.setting_dependent_group -->
